<?xml version="1.0" encoding="UTF-8"?>
<!-- Generated by org.testng.reporters.JUnitXMLReporter -->
<testsuite hostname="Eselva-PC" name="Test" tests="6" failures="0" timestamp="15 Jul 2014 14:26:50 GMT" time="134.768" errors="0">
  <testcase name="testLogin_Functional" time="7.61" classname="com.test.methods.TestMethod"/>
  <testcase name="testLogin_Regression" time="7.907" classname="com.data.driven.DataSourceIterator"/>
  <testcase name="testLogin_Regression" time="4.808" classname="com.data.driven.DataSourceIterator"/>
  <testcase name="testLogin_Regression" time="3.527" classname="com.data.driven.DataSourceIterator"/>
  <testcase name="testLogin_Regression" time="3.285" classname="com.data.driven.DataSourceIterator"/>
  <testcase name="testLogin_Regression" time="3.655" classname="com.data.driven.DataSourceIterator"/>
</testsuite> <!-- Test -->
